
*** Running vivado
    with args -log tb_cache.vds -m64 -product Vivado -mode batch -messageDb vivado.pb -notrace -source tb_cache.tcl


ECHO is off.
ECHO is off.

****** Vivado v2023.2 (64-bit)
  **** SW Build 4029153 on Fri Oct 13 20:14:34 MDT 2023
  **** IP Build 4028589 on Sat Oct 14 00:45:43 MDT 2023
  **** SharedData Build 4025554 on Tue Oct 10 17:18:54 MDT 2023
    ** Copyright 1986-2022 Xilinx, Inc. All Rights Reserved.
    ** Copyright 2022-2023 Advanced Micro Devices, Inc. All Rights Reserved.

source tb_cache.tcl -notrace
create_project: Time (s): cpu = 00:00:07 ; elapsed = 00:00:09 . Memory (MB): peak = 485.355 ; gain = 181.379
Command: read_checkpoint -auto_incremental -incremental {C:/Users/ghita/Desktop/facultate chestii/an 3/SCS - Structure of Computer Systems/MMU/MMU.srcs/utils_1/imports/synth_1/MainMemory.dcp}
INFO: [Vivado 12-5825] Read reference checkpoint from C:/Users/ghita/Desktop/facultate chestii/an 3/SCS - Structure of Computer Systems/MMU/MMU.srcs/utils_1/imports/synth_1/MainMemory.dcp for incremental synthesis
INFO: [Vivado 12-7989] Please ensure there are no constraint changes
Command: synth_design -top tb_cache -part xc7a100tcsg324-1
Starting synth_design
Attempting to get a license for feature 'Synthesis' and/or device 'xc7a100t'
INFO: [Common 17-349] Got license for feature 'Synthesis' and/or device 'xc7a100t'
INFO: [Synth 8-7079] Multithreading enabled for synth_design using a maximum of 2 processes.
INFO: [Synth 8-7078] Launching helper process for spawning children vivado processes
INFO: [Synth 8-7075] Helper process launched with PID 4392
---------------------------------------------------------------------------------
Starting Synthesize : Time (s): cpu = 00:00:07 ; elapsed = 00:00:08 . Memory (MB): peak = 934.004 ; gain = 437.211
---------------------------------------------------------------------------------
INFO: [Synth 8-638] synthesizing module 'tb_cache' [C:/Users/ghita/Desktop/facultate chestii/an 3/SCS - Structure of Computer Systems/MMU/MMU.srcs/sources_1/new/tb_cache.vhd:12]
INFO: [Synth 8-3491] module 'cache' declared at 'C:/Users/ghita/Desktop/facultate chestii/an 3/SCS - Structure of Computer Systems/MMU/MMU.srcs/sources_1/new/cache.vhd:6' bound to instance 'DUT' of component 'cache' [C:/Users/ghita/Desktop/facultate chestii/an 3/SCS - Structure of Computer Systems/MMU/MMU.srcs/sources_1/new/tb_cache.vhd:78]
INFO: [Synth 8-638] synthesizing module 'cache' [C:/Users/ghita/Desktop/facultate chestii/an 3/SCS - Structure of Computer Systems/MMU/MMU.srcs/sources_1/new/cache.vhd:38]
INFO: [Synth 8-256] done synthesizing module 'cache' (0#1) [C:/Users/ghita/Desktop/facultate chestii/an 3/SCS - Structure of Computer Systems/MMU/MMU.srcs/sources_1/new/cache.vhd:38]
WARNING: [Synth 8-312] ignoring unsynthesizable construct: wait statement with no conditon [C:/Users/ghita/Desktop/facultate chestii/an 3/SCS - Structure of Computer Systems/MMU/MMU.srcs/sources_1/new/tb_cache.vhd:97]
WARNING: [Synth 8-2897] clock signal used as data [C:/Users/ghita/Desktop/facultate chestii/an 3/SCS - Structure of Computer Systems/MMU/MMU.srcs/sources_1/new/tb_cache.vhd:107]
ERROR: [Synth 8-27] nested clocked statements not supported [C:/Users/ghita/Desktop/facultate chestii/an 3/SCS - Structure of Computer Systems/MMU/MMU.srcs/sources_1/new/tb_cache.vhd:108]
ERROR: [Synth 8-285] failed synthesizing module 'tb_cache' [C:/Users/ghita/Desktop/facultate chestii/an 3/SCS - Structure of Computer Systems/MMU/MMU.srcs/sources_1/new/tb_cache.vhd:12]
---------------------------------------------------------------------------------
Finished Synthesize : Time (s): cpu = 00:00:08 ; elapsed = 00:00:10 . Memory (MB): peak = 1041.723 ; gain = 544.930
---------------------------------------------------------------------------------
synthesize failed
INFO: [Common 17-83] Releasing license: Synthesis
11 Infos, 2 Warnings, 0 Critical Warnings and 3 Errors encountered.
synth_design failed
ERROR: [Common 17-69] Command failed: Vivado Synthesis failed
INFO: [Common 17-206] Exiting Vivado at Tue Nov 25 14:45:55 2025...
